<?xml version="1.0" encoding="UTF-8"?>
<!-- Generated by org.testng.reporters.JUnitReportReporter -->
<testsuite hostname="bcedbeeced305226581cdfcdbdecdadfour-0" failures="0" tests="1" name="runner.Testcase1" time="4.693" errors="0" timestamp="2023-09-19T00:43:06 UTC" skipped="0">
  <testcase classname="runner.Testcase1" name="TC_001" time="4.693"/>
</testsuite> <!-- runner.Testcase1 -->
